[handleMsg]:  {
  key: {
    remoteJid: '5218333038029@s.whatsapp.net',
    fromMe: false,
    id: '1E9C9007659F75B16D3AADBBD2B8CE04',
    participant: undefined
  },
  messageTimestamp: 1695194658,
  pushName: 'Abigail',
  broadcast: false,
  message: Message {
    extendedTextMessage: ExtendedTextMessage {
      text: 'Alm jajajaja',
      previewType: 0,
      contextInfo: [ContextInfo],
      inviteLinkGroupTypeV2: 0
    },
    messageContextInfo: MessageContextInfo {
      deviceListMetadata: [DeviceListMetadata],
      deviceListMetadataVersion: 2
    }
  },
  body: 'Alm jajajaja',
  from: '5218333038029'
}
[handleMsg]:  {
  key: {
    remoteJid: '5218333038029@s.whatsapp.net',
    fromMe: false,
    id: 'C566CECBBF6DE454527E36A4907589E7',
    participant: undefined
  },
  messageTimestamp: 1695194677,
  pushName: 'Abigail',
  broadcast: false,
  message: Message {
    conversation: 'No pss al lado mío está mi camita pero a veces me duermo en mi escritorio',
    messageContextInfo: MessageContextInfo {
      deviceListMetadata: [DeviceListMetadata],
      deviceListMetadataVersion: 2
    }
  },
  body: 'No pss al lado mío está mi camita pero a veces me duermo en mi escritorio',
  from: '5218333038029'
}
[handleMsg]:  {
  key: {
    remoteJid: '5218333038029@s.whatsapp.net',
    fromMe: false,
    id: 'AF774C5629DBBA20055F284887C5E6B3',
    participant: undefined
  },
  messageTimestamp: 1695194722,
  pushName: 'Abigail',
  broadcast: false,
  message: Message {
    conversation: 'Aquí mismo o es lo que te está fallando?',
    messageContextInfo: MessageContextInfo {
      deviceListMetadata: [DeviceListMetadata],
      deviceListMetadataVersion: 2
    }
  },
  body: 'Aquí mismo o es lo que te está fallando?',
  from: '5218333038029'
}
[handleMsg]:  {
  key: {
    remoteJid: '5218333038029@s.whatsapp.net',
    fromMe: false,
    id: 'EBCEC1BDAC6D9C8633D918D93B24A7C5',
    participant: undefined
  },
  messageTimestamp: 1695194726,
  pushName: 'Abigail',
  broadcast: false,
  message: Message {
    stickerMessage: StickerMessage {
      url: 'https://mmg.whatsapp.net/v/t62.15575-24/380037858_1377572222969457_3436919483938923248_n.enc?ccb=11-4&oh=01_AdTzacD971_SC8SKrCK5K-ASDP6aTiFYao8QFaHcMNn7lA&oe=6532273A&_nc_sid=000000&mms3=true',
      fileSha256: [Uint8Array],
      fileEncSha256: [Uint8Array],
      mediaKey: [Uint8Array],
      mimetype: 'image/webp',
      height: 64,
      width: 64,
      directPath: '/v/t62.15575-24/380037858_1377572222969457_3436919483938923248_n.enc?ccb=11-4&oh=01_AdTzacD971_SC8SKrCK5K-ASDP6aTiFYao8QFaHcMNn7lA&oe=6532273A&_nc_sid=000000',
      fileLength: [Long],
      mediaKeyTimestamp: [Long],
      isAnimated: false,
      stickerSentTs: [Long],
      isAvatar: false
    },
    messageContextInfo: MessageContextInfo {
      deviceListMetadata: [DeviceListMetadata],
      deviceListMetadataVersion: 2
    }
  },
  body: '',
  from: '5218333038029'
}
[handleMsg]:  {
  key: {
    remoteJid: '5218333038029@s.whatsapp.net',
    fromMe: false,
    id: '887B3F18E4F9F0BAF70ACA0702414F72',
    participant: undefined
  },
  messageTimestamp: 1695194736,
  pushName: 'Abigail',
  broadcast: false,
  message: Message {
    conversation: 'Abueno',
    messageContextInfo: MessageContextInfo {
      deviceListMetadata: [DeviceListMetadata],
      deviceListMetadataVersion: 2
    }
  },
  body: 'Abueno',
  from: '5218333038029'
}
[handleMsg]:  {
  key: {
    remoteJid: '5218333038029@s.whatsapp.net',
    fromMe: false,
    id: '0648B7142CD1669310930A4A54AE5FFF',
    participant: undefined
  },
  messageTimestamp: 1695194739,
  pushName: 'Abigail',
  broadcast: false,
  message: Message {
    conversation: 'Hola',
    messageContextInfo: MessageContextInfo {
      deviceListMetadata: [DeviceListMetadata],
      deviceListMetadataVersion: 2
    }
  },
  body: 'Hola',
  from: '5218333038029'
}
[handleMsg]:  {
  key: {
    remoteJid: '5218333038029@s.whatsapp.net',
    fromMe: false,
    id: '217931BAB429C893B2BCA60F6ABE0FA2',
    participant: undefined
  },
  messageTimestamp: 1695194751,
  pushName: 'Abigail',
  broadcast: false,
  message: Message {
    conversation: 'Info',
    messageContextInfo: MessageContextInfo {
      deviceListMetadata: [DeviceListMetadata],
      deviceListMetadataVersion: 2
    }
  },
  body: 'Info',
  from: '5218333038029'
}
[handleMsg]:  {
  key: {
    remoteJid: '5218333038029@s.whatsapp.net',
    fromMe: false,
    id: '2B07366B680EABA39AF5F50FE1CC76D0',
    participant: undefined
  },
  messageTimestamp: 1695194822,
  pushName: 'Abigail',
  broadcast: false,
  message: Message {
    stickerMessage: StickerMessage {
      url: 'https://mmg.whatsapp.net/v/t62.15575-24/12096993_1261833951185532_6301878191245317544_n.enc?ccb=11-4&oh=01_AdSE5IUm75Ztn-r_lGJTo6jRLTwW_pV9C8OeqGqboD_pow&oe=6531F7EF&_nc_sid=000000&mms3=true',
      fileSha256: [Uint8Array],
      fileEncSha256: [Uint8Array],
      mediaKey: [Uint8Array],
      mimetype: 'image/webp',
      height: 64,
      width: 64,
      directPath: '/v/t62.15575-24/12096993_1261833951185532_6301878191245317544_n.enc?ccb=11-4&oh=01_AdSE5IUm75Ztn-r_lGJTo6jRLTwW_pV9C8OeqGqboD_pow&oe=6531F7EF&_nc_sid=000000',
      fileLength: [Long],
      mediaKeyTimestamp: [Long],
      isAnimated: false,
      stickerSentTs: [Long],
      isAvatar: false
    },
    messageContextInfo: MessageContextInfo {
      deviceListMetadata: [DeviceListMetadata],
      deviceListMetadataVersion: 2
    }
  },
  body: '',
  from: '5218333038029'
}
[handleMsg]:  {
  key: {
    remoteJid: '5218333038029@s.whatsapp.net',
    fromMe: false,
    id: '153152073BADB1B141784273A9619BAE',
    participant: undefined
  },
  messageTimestamp: 1695194827,
  pushName: 'Abigail',
  broadcast: false,
  message: Message {
    conversation: 'K loko',
    messageContextInfo: MessageContextInfo {
      deviceListMetadata: [DeviceListMetadata],
      deviceListMetadataVersion: 2
    }
  },
  body: 'K loko',
  from: '5218333038029'
}
[handleMsg]:  {
  key: {
    remoteJid: '5218333038029@s.whatsapp.net',
    fromMe: false,
    id: '55180E9104322E081D2B325E619F2C3B',
    participant: undefined
  },
  messageTimestamp: 1695194855,
  pushName: 'Abigail',
  broadcast: false,
  message: Message {
    conversation: 'Colonia Lomas turbas',
    messageContextInfo: MessageContextInfo {
      deviceListMetadata: [DeviceListMetadata],
      deviceListMetadataVersion: 2
    }
  },
  body: 'Colonia Lomas turbas',
  from: '5218333038029'
}
[handleMsg]:  {
  key: {
    remoteJid: '5218333038029@s.whatsapp.net',
    fromMe: false,
    id: '04DDDDCB4763F2ECAF03801C7BD7CB42',
    participant: undefined
  },
  messageTimestamp: 1695194876,
  pushName: 'Abigail',
  broadcast: false,
  message: Message {
    conversation: '31/02/2024',
    messageContextInfo: MessageContextInfo {
      deviceListMetadata: [DeviceListMetadata],
      deviceListMetadataVersion: 2
    }
  },
  body: '31/02/2024',
  from: '5218333038029'
}
[handleMsg]:  {
  key: {
    remoteJid: '5218333038029@s.whatsapp.net',
    fromMe: false,
    id: '228879E427EF5D1F0225C7930B6A430A',
    participant: undefined
  },
  messageTimestamp: 1695194899,
  pushName: 'Abigail',
  broadcast: false,
  message: Message {
    conversation: 'Disponible',
    messageContextInfo: MessageContextInfo {
      deviceListMetadata: [DeviceListMetadata],
      deviceListMetadataVersion: 2
    }
  },
  body: 'Disponible',
  from: '5218333038029'
}
[handleMsg]:  {
  key: {
    remoteJid: '5218333038029@s.whatsapp.net',
    fromMe: false,
    id: '4DC99082BEF46D8F1D80565B235C334E',
    participant: undefined
  },
  messageTimestamp: 1695194929,
  pushName: 'Abigail',
  broadcast: false,
  message: Message {
    extendedTextMessage: ExtendedTextMessage {
      text: 'Jajajajaja',
      previewType: 0,
      contextInfo: [ContextInfo],
      inviteLinkGroupTypeV2: 0
    },
    messageContextInfo: MessageContextInfo {
      deviceListMetadata: [DeviceListMetadata],
      deviceListMetadataVersion: 2
    }
  },
  body: 'Jajajajaja',
  from: '5218333038029'
}
[handleMsg]:  {
  key: {
    remoteJid: '5218333038029@s.whatsapp.net',
    fromMe: false,
    id: '34E628238EFD6D8D479B379DC4E90A8A',
    participant: undefined
  },
  messageTimestamp: 1695194935,
  pushName: 'Abigail',
  broadcast: false,
  message: Message {
    conversation: 'Ya veo',
    messageContextInfo: MessageContextInfo {
      deviceListMetadata: [DeviceListMetadata],
      deviceListMetadataVersion: 2
    }
  },
  body: 'Ya veo',
  from: '5218333038029'
}
[handleMsg]:  {
  key: {
    remoteJid: '5218333038029@s.whatsapp.net',
    fromMe: false,
    id: 'A92AFC4CFD0496336A7C32A3685C9275',
    participant: undefined
  },
  messageTimestamp: 1695194944,
  pushName: 'Abigail',
  broadcast: false,
  message: Message {
    conversation: 'Se manda en desorden',
    messageContextInfo: MessageContextInfo {
      deviceListMetadata: [DeviceListMetadata],
      deviceListMetadataVersion: 2
    }
  },
  body: 'Se manda en desorden',
  from: '5218333038029'
}
[handleMsg]:  {
  key: {
    remoteJid: '5218333038029@s.whatsapp.net',
    fromMe: false,
    id: '5BD62431DC65569DE8541BD396FCE31F',
    participant: undefined
  },
  messageTimestamp: 1695194961,
  pushName: 'Abigail',
  broadcast: false,
  message: Message {
    conversation: 'Corrígelo, mijin',
    messageContextInfo: MessageContextInfo {
      deviceListMetadata: [DeviceListMetadata],
      deviceListMetadataVersion: 2
    }
  },
  body: 'Corrígelo, mijin',
  from: '5218333038029'
}
[handleMsg]:  {
  key: {
    remoteJid: '5218333038029@s.whatsapp.net',
    fromMe: false,
    id: '25BFA71FA6676DA9BE5AAB1D4D6667FA',
    participant: undefined
  },
  messageTimestamp: 1695194970,
  pushName: 'Abigail',
  broadcast: false,
  message: Message {
    conversation: 'Te equivocaste en un signo',
    messageContextInfo: MessageContextInfo {
      deviceListMetadata: [DeviceListMetadata],
      deviceListMetadataVersion: 2
    }
  },
  body: 'Te equivocaste en un signo',
  from: '5218333038029'
}
[handleMsg]:  {
  key: {
    remoteJid: '5218333038029@s.whatsapp.net',
    fromMe: false,
    id: '644787660A34479B9D5774C058407EB3',
    participant: undefined
  },
  messageTimestamp: 1695194992,
  pushName: 'Abigail',
  broadcast: false,
  message: Message {
    stickerMessage: StickerMessage {
      url: 'https://mmg.whatsapp.net/v/t62.15575-24/34768503_3217690265043551_7966740340874455272_n.enc?ccb=11-4&oh=01_AdQkoP-lhT0EREh4UPLHy1gk0q4v8VPGr6n4AnOqKOKOgQ&oe=653203AE&_nc_sid=000000&mms3=true',
      fileSha256: [Uint8Array],
      fileEncSha256: [Uint8Array],
      mediaKey: [Uint8Array],
      mimetype: 'image/webp',
      height: 64,
      width: 64,
      directPath: '/v/t62.15575-24/34768503_3217690265043551_7966740340874455272_n.enc?ccb=11-4&oh=01_AdQkoP-lhT0EREh4UPLHy1gk0q4v8VPGr6n4AnOqKOKOgQ&oe=653203AE&_nc_sid=000000',
      fileLength: [Long],
      mediaKeyTimestamp: [Long],
      isAnimated: false,
      stickerSentTs: [Long],
      isAvatar: false
    },
    messageContextInfo: MessageContextInfo {
      deviceListMetadata: [DeviceListMetadata],
      deviceListMetadataVersion: 2
    }
  },
  body: '',
  from: '5218333038029'
}
[handleMsg]:  {
  key: {
    remoteJid: '5218333038029@s.whatsapp.net',
    fromMe: false,
    id: '1F9335E8E3900F81F2DE087BEAEFF6F2',
    participant: undefined
  },
  messageTimestamp: 1695195015,
  pushName: 'Abigail',
  broadcast: false,
  message: Message {
    conversation: 'Puej ji',
    messageContextInfo: MessageContextInfo {
      deviceListMetadata: [DeviceListMetadata],
      deviceListMetadataVersion: 2
    }
  },
  body: 'Puej ji',
  from: '5218333038029'
}
[handleMsg]:  {
  key: {
    remoteJid: '5218333038029@s.whatsapp.net',
    fromMe: false,
    id: '6877373E8E12AD1C31AD416F1C328D47',
    participant: undefined
  },
  messageTimestamp: 1695195026,
  pushName: 'Abigail',
  broadcast: false,
  message: Message {
    extendedTextMessage: ExtendedTextMessage {
      text: 'Nomeimporta',
      previewType: 0,
      contextInfo: [ContextInfo],
      inviteLinkGroupTypeV2: 0
    },
    messageContextInfo: MessageContextInfo {
      deviceListMetadata: [DeviceListMetadata],
      deviceListMetadataVersion: 2
    }
  },
  body: 'Nomeimporta',
  from: '5218333038029'
}
[handleMsg]:  {
  key: {
    remoteJid: '5218333038029@s.whatsapp.net',
    fromMe: false,
    id: 'DE24FBD632AC0CACF49B9CC0F385838B',
    participant: undefined
  },
  messageTimestamp: 1695195043,
  pushName: 'Abigail',
  broadcast: false,
  message: Message {
    extendedTextMessage: ExtendedTextMessage {
      text: 'Pero ya pagadas, por favor',
      previewType: 0,
      contextInfo: [ContextInfo],
      inviteLinkGroupTypeV2: 0
    },
    messageContextInfo: MessageContextInfo {
      deviceListMetadata: [DeviceListMetadata],
      deviceListMetadataVersion: 2
    }
  },
  body: 'Pero ya pagadas, por favor',
  from: '5218333038029'
}
[handleMsg]:  {
  key: {
    remoteJid: '5218333038029@s.whatsapp.net',
    fromMe: false,
    id: '041561A650EAD96145FDA2979F215259',
    participant: undefined
  },
  messageTimestamp: 1695195197,
  pushName: 'Abigail',
  broadcast: false,
  message: Message {
    conversation: 'K wen servicio',
    messageContextInfo: MessageContextInfo {
      deviceListMetadata: [DeviceListMetadata],
      deviceListMetadataVersion: 2
    }
  },
  body: 'K wen servicio',
  from: '5218333038029'
}
[handleMsg]:  {
  key: {
    remoteJid: '5218333038029@s.whatsapp.net',
    fromMe: false,
    id: '8E03914372FB57CA56588EFBD3C12F0B',
    participant: undefined
  },
  messageTimestamp: 1695195259,
  pushName: 'Abigail',
  broadcast: false,
  message: Message {
    conversation: 'Eres jaker',
    messageContextInfo: MessageContextInfo {
      deviceListMetadata: [DeviceListMetadata],
      deviceListMetadataVersion: 2
    }
  },
  body: 'Eres jaker',
  from: '5218333038029'
}
[handleMsg]:  {
  key: {
    remoteJid: '5218333038029@s.whatsapp.net',
    fromMe: false,
    id: '3CC822ACF12E0E1906D4F32B917A3D79',
    participant: undefined
  },
  messageTimestamp: 1695195291,
  pushName: 'Abigail',
  broadcast: false,
  message: Message {
    conversation: 'Ya no eres jaker',
    messageContextInfo: MessageContextInfo {
      deviceListMetadata: [DeviceListMetadata],
      deviceListMetadataVersion: 2
    }
  },
  body: 'Ya no eres jaker',
  from: '5218333038029'
}
[handleMsg]:  {
  key: {
    remoteJid: '5218333038029@s.whatsapp.net',
    fromMe: false,
    id: '0661AD3E38CF28887ED149E3249FC531',
    participant: undefined
  },
  messageTimestamp: 1695195306,
  pushName: 'Abigail',
  broadcast: false,
  message: Message {
    stickerMessage: StickerMessage {
      url: 'https://mmg.whatsapp.net/v/t62.15575-24/29055732_329801876117053_6975249083237444467_n.enc?ccb=11-4&oh=01_AdQEIkOk3EWimPmwGggkTyiUdWQux71PIAFi5qsrRO6-6w&oe=6532097D&_nc_sid=000000&mms3=true',
      fileSha256: [Uint8Array],
      fileEncSha256: [Uint8Array],
      mediaKey: [Uint8Array],
      mimetype: 'image/webp',
      height: 64,
      width: 64,
      directPath: '/v/t62.15575-24/29055732_329801876117053_6975249083237444467_n.enc?ccb=11-4&oh=01_AdQEIkOk3EWimPmwGggkTyiUdWQux71PIAFi5qsrRO6-6w&oe=6532097D&_nc_sid=000000',
      fileLength: [Long],
      mediaKeyTimestamp: [Long],
      isAnimated: false,
      stickerSentTs: [Long],
      isAvatar: false
    },
    messageContextInfo: MessageContextInfo {
      deviceListMetadata: [DeviceListMetadata],
      deviceListMetadataVersion: 2
    }
  },
  body: '',
  from: '5218333038029'
}
[handleMsg]:  {
  key: {
    remoteJid: '5218333038029@s.whatsapp.net',
    fromMe: false,
    id: 'C6555329D2685FEE276D2545EC2682C4',
    participant: undefined
  },
  messageTimestamp: 1695195360,
  pushName: 'Abigail',
  broadcast: false,
  message: Message {
    extendedTextMessage: ExtendedTextMessage {
      text: 'Aah puej ji',
      previewType: 0,
      contextInfo: [ContextInfo],
      inviteLinkGroupTypeV2: 0
    },
    messageContextInfo: MessageContextInfo {
      deviceListMetadata: [DeviceListMetadata],
      deviceListMetadataVersion: 2
    }
  },
  body: 'Aah puej ji',
  from: '5218333038029'
}
[handleMsg]:  {
  key: {
    remoteJid: '5218333038029@s.whatsapp.net',
    fromMe: false,
    id: 'C20E4DADF7A97D1F7585B88912516F01',
    participant: undefined
  },
  messageTimestamp: 1695195378,
  pushName: 'Abigail',
  broadcast: false,
  message: Message {
    conversation: 'Por qué se llaman cookies?',
    messageContextInfo: MessageContextInfo {
      deviceListMetadata: [DeviceListMetadata],
      deviceListMetadataVersion: 2
    }
  },
  body: 'Por qué se llaman cookies?',
  from: '5218333038029'
}
[handleMsg]:  {
  key: {
    remoteJid: '5218333038029@s.whatsapp.net',
    fromMe: false,
    id: '04F3F8AE15BDA3B90D2288B5F2CF3F4C',
    participant: undefined
  },
  messageTimestamp: 1695195408,
  pushName: 'Abigail',
  broadcast: false,
  message: Message {
    extendedTextMessage: ExtendedTextMessage {
      text: 'Biscuit el de Baki',
      previewType: 0,
      contextInfo: [ContextInfo],
      inviteLinkGroupTypeV2: 0
    },
    messageContextInfo: MessageContextInfo {
      deviceListMetadata: [DeviceListMetadata],
      deviceListMetadataVersion: 2
    }
  },
  body: 'Biscuit el de Baki',
  from: '5218333038029'
}
[handleMsg]:  {
  key: {
    remoteJid: '5218333038029@s.whatsapp.net',
    fromMe: false,
    id: '3D34589DFFD1856418A8D24C7E760236',
    participant: undefined
  },
  messageTimestamp: 1695195413,
  pushName: 'Abigail',
  broadcast: false,
  message: Message {
    stickerMessage: StickerMessage {
      url: 'https://mmg.whatsapp.net/v/t62.15575-24/29055732_329801876117053_6975249083237444467_n.enc?ccb=11-4&oh=01_AdQEIkOk3EWimPmwGggkTyiUdWQux71PIAFi5qsrRO6-6w&oe=6532097D&_nc_sid=000000&mms3=true',
      fileSha256: [Uint8Array],
      fileEncSha256: [Uint8Array],
      mediaKey: [Uint8Array],
      mimetype: 'image/webp',
      height: 64,
      width: 64,
      directPath: '/v/t62.15575-24/29055732_329801876117053_6975249083237444467_n.enc?ccb=11-4&oh=01_AdQEIkOk3EWimPmwGggkTyiUdWQux71PIAFi5qsrRO6-6w&oe=6532097D&_nc_sid=000000',
      fileLength: [Long],
      mediaKeyTimestamp: [Long],
      isAnimated: false,
      stickerSentTs: [Long],
      isAvatar: false
    },
    messageContextInfo: MessageContextInfo {
      deviceListMetadata: [DeviceListMetadata],
      deviceListMetadataVersion: 2
    }
  },
  body: '',
  from: '5218333038029'
}
[handleMsg]:  {
  key: {
    remoteJid: '5218333038029@s.whatsapp.net',
    fromMe: false,
    id: 'BB2170E5EA9F99438521F8D728D6DFE6',
    participant: undefined
  },
  messageTimestamp: 1695195431,
  pushName: 'Abigail',
  broadcast: false,
  message: Message {
    conversation: 'Está bien mamona jajajajaja',
    messageContextInfo: MessageContextInfo {
      deviceListMetadata: [DeviceListMetadata],
      deviceListMetadataVersion: 2
    }
  },
  body: 'Está bien mamona jajajajaja',
  from: '5218333038029'
}
[handleMsg]:  {
  key: {
    remoteJid: '5218333038029@s.whatsapp.net',
    fromMe: false,
    id: '6360E5A164379DB8B53FE5262E21848D',
    participant: undefined
  },
  messageTimestamp: 1695195452,
  pushName: 'Abigail',
  broadcast: false,
  message: Message {
    conversation: 'En efecto',
    messageContextInfo: MessageContextInfo {
      deviceListMetadata: [DeviceListMetadata],
      deviceListMetadataVersion: 2
    }
  },
  body: 'En efecto',
  from: '5218333038029'
}
[handleMsg]:  {
  key: {
    remoteJid: '5218333038029@s.whatsapp.net',
    fromMe: false,
    id: '8D2DD53B3286B5E2C43AA1FA31D0173A',
    participant: undefined
  },
  messageTimestamp: 1695195473,
  pushName: 'Abigail',
  broadcast: false,
  message: Message {
    conversation: 'Me dan chingo de risa las caras que les ponen',
    messageContextInfo: MessageContextInfo {
      deviceListMetadata: [DeviceListMetadata],
      deviceListMetadataVersion: 2
    }
  },
  body: 'Me dan chingo de risa las caras que les ponen',
  from: '5218333038029'
}
[handleMsg]:  {
  key: {
    remoteJid: '5218333038029@s.whatsapp.net',
    fromMe: false,
    id: '84F8DBF2C521D0967D0BD146C68964E0',
    participant: undefined
  },
  messageTimestamp: 1695195509,
  pushName: 'Abigail',
  broadcast: false,
  message: Message {
    conversation: 'Una parte de mis gustos los adquirí porque tú me los mostraste jajajaja',
    messageContextInfo: MessageContextInfo {
      deviceListMetadata: [DeviceListMetadata],
      deviceListMetadataVersion: 2
    }
  },
  body: 'Una parte de mis gustos los adquirí porque tú me los mostraste jajajaja',
  from: '5218333038029'
}
[handleMsg]:  {
  key: {
    remoteJid: '5218333038029@s.whatsapp.net',
    fromMe: false,
    id: 'D2C0BA0909257EB0B1F84CCC985870B6',
    participant: undefined
  },
  messageTimestamp: 1695195554,
  pushName: 'Abigail',
  broadcast: false,
  message: Message {
    conversation: 'El Beto ya se cotiza',
    messageContextInfo: MessageContextInfo {
      deviceListMetadata: [DeviceListMetadata],
      deviceListMetadataVersion: 2
    }
  },
  body: 'El Beto ya se cotiza',
  from: '5218333038029'
}
[handleMsg]:  {
  key: {
    remoteJid: '5218333038029@s.whatsapp.net',
    fromMe: false,
    id: 'B95D10F5BE3D08B96B54AE808C77F9EC',
    participant: undefined
  },
  messageTimestamp: 1695195567,
  pushName: 'Abigail',
  broadcast: false,
  message: Message {
    conversation: 'Ya ni he hablado con él',
    messageContextInfo: MessageContextInfo {
      deviceListMetadata: [DeviceListMetadata],
      deviceListMetadataVersion: 2
    }
  },
  body: 'Ya ni he hablado con él',
  from: '5218333038029'
}
[handleMsg]:  {
  key: {
    remoteJid: '5218333038029@s.whatsapp.net',
    fromMe: false,
    id: '656CBA266BC9240D83C50955AAF0A9CC',
    participant: undefined
  },
  messageTimestamp: 1695195581,
  pushName: 'Abigail',
  broadcast: false,
  message: Message {
    extendedTextMessage: ExtendedTextMessage {
      text: 'Si la terminé, ese anime quemó mi tablet JAJAJAJAJA',
      previewType: 0,
      contextInfo: [ContextInfo],
      inviteLinkGroupTypeV2: 0
    },
    messageContextInfo: MessageContextInfo {
      deviceListMetadata: [DeviceListMetadata],
      deviceListMetadataVersion: 2
    }
  },
  body: 'Si la terminé, ese anime quemó mi tablet JAJAJAJAJA',
  from: '5218333038029'
}
[handleMsg]:  {
  key: {
    remoteJid: '5218333038029@s.whatsapp.net',
    fromMe: false,
    id: 'F50C6059005864BE2BC2E6CB6511CE9E',
    participant: undefined
  },
  messageTimestamp: 1695195641,
  pushName: 'Abigail',
  broadcast: false,
  message: Message {
    extendedTextMessage: ExtendedTextMessage {
      text: 'Cansao',
      previewType: 0,
      contextInfo: [ContextInfo],
      inviteLinkGroupTypeV2: 0
    },
    messageContextInfo: MessageContextInfo {
      deviceListMetadata: [DeviceListMetadata],
      deviceListMetadataVersion: 2
    }
  },
  body: 'Cansao',
  from: '5218333038029'
}
[handleMsg]:  {
  key: {
    remoteJid: '5218333038029@s.whatsapp.net',
    fromMe: false,
    id: '1C900D8F9DFFCB1A3E3AE0B42D066173',
    participant: undefined
  },
  messageTimestamp: 1695195648,
  pushName: 'Abigail',
  broadcast: false,
  message: Message {
    extendedTextMessage: ExtendedTextMessage {
      text: 'La ví varias veces',
      previewType: 0,
      contextInfo: [ContextInfo],
      inviteLinkGroupTypeV2: 0
    },
    messageContextInfo: MessageContextInfo {
      deviceListMetadata: [DeviceListMetadata],
      deviceListMetadataVersion: 2
    }
  },
  body: 'La ví varias veces',
  from: '5218333038029'
}
[handleMsg]:  {
  key: {
    remoteJid: '5218333038029@s.whatsapp.net',
    fromMe: false,
    id: 'C1C895FF4D6FEA171A94CFAD66099955',
    participant: undefined
  },
  messageTimestamp: 1695195656,
  pushName: 'Abigail',
  broadcast: false,
  message: Message {
    conversation: 'Y en una de esas se la estaba mostrando a Monse',
    messageContextInfo: MessageContextInfo {
      deviceListMetadata: [DeviceListMetadata],
      deviceListMetadataVersion: 2
    }
  },
  body: 'Y en una de esas se la estaba mostrando a Monse',
  from: '5218333038029'
}
[handleMsg]:  {
  key: {
    remoteJid: '5218333038029@s.whatsapp.net',
    fromMe: false,
    id: '74E8C6C3ECC1F77D95A8A7489EA6A651',
    participant: undefined
  },
  messageTimestamp: 1695195662,
  pushName: 'Abigail',
  broadcast: false,
  message: Message {
    conversation: 'Y que se apaga la tablet',
    messageContextInfo: MessageContextInfo {
      deviceListMetadata: [DeviceListMetadata],
      deviceListMetadataVersion: 2
    }
  },
  body: 'Y que se apaga la tablet',
  from: '5218333038029'
}
[handleMsg]:  {
  key: {
    remoteJid: '5218333038029@s.whatsapp.net',
    fromMe: false,
    id: 'A66B0FD4A120614DD5E2E16E8E719D0C',
    participant: undefined
  },
  messageTimestamp: 1695195682,
  pushName: 'Abigail',
  broadcast: false,
  message: Message {
    conversation: 'Y cuando la llevé a arreglar me dijeron "no soportó 💋" y ahí quedó',
    messageContextInfo: MessageContextInfo {
      deviceListMetadata: [DeviceListMetadata],
      deviceListMetadataVersion: 2
    }
  },
  body: 'Y cuando la llevé a arreglar me dijeron "no soportó 💋" y ahí quedó',
  from: '5218333038029'
}
[handleMsg]:  {
  key: {
    remoteJid: '5218333038029@s.whatsapp.net',
    fromMe: false,
    id: 'BD12D28405A116A96001ADB50EEB7529',
    participant: undefined
  },
  messageTimestamp: 1695195685,
  pushName: 'Abigail',
  broadcast: false,
  message: Message {
    extendedTextMessage: ExtendedTextMessage {
      text: 'Alm',
      previewType: 0,
      contextInfo: [ContextInfo],
      inviteLinkGroupTypeV2: 0
    },
    messageContextInfo: MessageContextInfo {
      deviceListMetadata: [DeviceListMetadata],
      deviceListMetadataVersion: 2
    }
  },
  body: 'Alm',
  from: '5218333038029'
}
[handleMsg]:  {
  key: {
    remoteJid: '5218333038029@s.whatsapp.net',
    fromMe: false,
    id: '5101471FC43B7F4C3101EA4A521971D2',
    participant: undefined
  },
  messageTimestamp: 1695195758,
  pushName: 'Abigail',
  broadcast: false,
  message: Message {
    imageMessage: ImageMessage {
      interactiveAnnotations: [],
      scanLengths: [Array],
      url: 'https://mmg.whatsapp.net/v/t62.7118-24/31274407_811941503958291_5261797954457683305_n.enc?ccb=11-4&oh=01_AdQFu3Y6c-TuW5mrdtB7lxafZzwVgQTFmaMkLE6Odf09LA&oe=6531FE39&_nc_sid=000000&mms3=true',
      mimetype: 'image/jpeg',
      caption: 'Yo solo tengo estos dos',
      fileSha256: [Uint8Array],
      fileLength: [Long],
      height: 1599,
      width: 899,
      mediaKey: [Uint8Array],
      fileEncSha256: [Uint8Array],
      directPath: '/v/t62.7118-24/31274407_811941503958291_5261797954457683305_n.enc?ccb=11-4&oh=01_AdQFu3Y6c-TuW5mrdtB7lxafZzwVgQTFmaMkLE6Odf09LA&oe=6531FE39&_nc_sid=000000',
      mediaKeyTimestamp: [Long],
      jpegThumbnail: [Uint8Array],
      scansSidecar: [Uint8Array],
      midQualityFileSha256: [Uint8Array]
    },
    messageContextInfo: MessageContextInfo {
      deviceListMetadata: [DeviceListMetadata],
      deviceListMetadataVersion: 2
    }
  },
  body: '_event_media__bd07f74b-966c-492a-bf89-5f9b8a6a269d',
  from: '5218333038029'
}
[handleMsg]:  {
  key: {
    remoteJid: '5218333038029@s.whatsapp.net',
    fromMe: false,
    id: '2E6639A6ED84B2A719BCB07AC0EF1B08',
    participant: undefined
  },
  messageTimestamp: 1695195791,
  pushName: 'Abigail',
  broadcast: false,
  message: Message {
    extendedTextMessage: ExtendedTextMessage {
      text: 'Madres que loco',
      previewType: 0,
      contextInfo: [ContextInfo],
      inviteLinkGroupTypeV2: 0
    },
    messageContextInfo: MessageContextInfo {
      deviceListMetadata: [DeviceListMetadata],
      deviceListMetadataVersion: 2
    }
  },
  body: 'Madres que loco',
  from: '5218333038029'
}
